<?xml version="1.0" encoding="UTF-8"?>
<testsuite xmlns:xsi="http://www.w3.org/2001/XMLSchema-instance" xsi:noNamespaceSchemaLocation="https://maven.apache.org/surefire/maven-surefire-plugin/xsd/surefire-test-report.xsd" name="com.messages.unit.MessageServiceTests" time="0.819" tests="5" errors="0" skipped="0" failures="0">
  <properties>
    <property name="gopherProxySet" value="false"/>
    <property name="awt.toolkit" value="sun.lwawt.macosx.LWCToolkit"/>
    <property name="file.encoding.pkg" value="sun.io"/>
    <property name="java.specification.version" value="1.8"/>
    <property name="sun.cpu.isalist" value=""/>
    <property name="sun.jnu.encoding" value="UTF-8"/>
    <property name="java.class.path" value="/Users/miguel_laptop/Documents/java-test/target/test-classes:/Users/miguel_laptop/Documents/java-test/target/classes:/Users/miguel_laptop/.m2/repository/org/springframework/boot/spring-boot-starter-jersey/2.1.3.RELEASE/spring-boot-starter-jersey-2.1.3.RELEASE.jar:/Users/miguel_laptop/.m2/repository/org/springframework/boot/spring-boot-starter-json/2.1.3.RELEASE/spring-boot-starter-json-2.1.3.RELEASE.jar:/Users/miguel_laptop/.m2/repository/com/fasterxml/jackson/core/jackson-databind/2.9.8/jackson-databind-2.9.8.jar:/Users/miguel_laptop/.m2/repository/com/fasterxml/jackson/core/jackson-core/2.9.8/jackson-core-2.9.8.jar:/Users/miguel_laptop/.m2/repository/com/fasterxml/jackson/datatype/jackson-datatype-jdk8/2.9.8/jackson-datatype-jdk8-2.9.8.jar:/Users/miguel_laptop/.m2/repository/com/fasterxml/jackson/datatype/jackson-datatype-jsr310/2.9.8/jackson-datatype-jsr310-2.9.8.jar:/Users/miguel_laptop/.m2/repository/com/fasterxml/jackson/module/jackson-module-parameter-names/2.9.8/jackson-module-parameter-names-2.9.8.jar:/Users/miguel_laptop/.m2/repository/org/springframework/boot/spring-boot-starter-tomcat/2.1.3.RELEASE/spring-boot-starter-tomcat-2.1.3.RELEASE.jar:/Users/miguel_laptop/.m2/repository/javax/annotation/javax.annotation-api/1.3.2/javax.annotation-api-1.3.2.jar:/Users/miguel_laptop/.m2/repository/org/apache/tomcat/embed/tomcat-embed-core/9.0.16/tomcat-embed-core-9.0.16.jar:/Users/miguel_laptop/.m2/repository/org/apache/tomcat/embed/tomcat-embed-el/9.0.16/tomcat-embed-el-9.0.16.jar:/Users/miguel_laptop/.m2/repository/org/apache/tomcat/embed/tomcat-embed-websocket/9.0.16/tomcat-embed-websocket-9.0.16.jar:/Users/miguel_laptop/.m2/repository/org/springframework/boot/spring-boot-starter-validation/2.1.3.RELEASE/spring-boot-starter-validation-2.1.3.RELEASE.jar:/Users/miguel_laptop/.m2/repository/org/hibernate/validator/hibernate-validator/6.0.14.Final/hibernate-validator-6.0.14.Final.jar:/Users/miguel_laptop/.m2/repository/com/fasterxml/classmate/1.4.0/classmate-1.4.0.jar:/Users/miguel_laptop/.m2/repository/org/springframework/spring-web/5.1.5.RELEASE/spring-web-5.1.5.RELEASE.jar:/Users/miguel_laptop/.m2/repository/org/springframework/spring-beans/5.1.5.RELEASE/spring-beans-5.1.5.RELEASE.jar:/Users/miguel_laptop/.m2/repository/org/glassfish/jersey/core/jersey-server/2.27/jersey-server-2.27.jar:/Users/miguel_laptop/.m2/repository/org/glassfish/jersey/core/jersey-common/2.27/jersey-common-2.27.jar:/Users/miguel_laptop/.m2/repository/org/glassfish/hk2/osgi-resource-locator/1.0.1/osgi-resource-locator-1.0.1.jar:/Users/miguel_laptop/.m2/repository/org/glassfish/jersey/core/jersey-client/2.27/jersey-client-2.27.jar:/Users/miguel_laptop/.m2/repository/javax/ws/rs/javax.ws.rs-api/2.1/javax.ws.rs-api-2.1.jar:/Users/miguel_laptop/.m2/repository/org/glassfish/jersey/media/jersey-media-jaxb/2.27/jersey-media-jaxb-2.27.jar:/Users/miguel_laptop/.m2/repository/javax/validation/validation-api/2.0.1.Final/validation-api-2.0.1.Final.jar:/Users/miguel_laptop/.m2/repository/org/glassfish/jersey/containers/jersey-container-servlet-core/2.27/jersey-container-servlet-core-2.27.jar:/Users/miguel_laptop/.m2/repository/org/glassfish/jersey/containers/jersey-container-servlet/2.27/jersey-container-servlet-2.27.jar:/Users/miguel_laptop/.m2/repository/org/glassfish/jersey/ext/jersey-bean-validation/2.27/jersey-bean-validation-2.27.jar:/Users/miguel_laptop/.m2/repository/org/glassfish/jersey/ext/jersey-spring4/2.27/jersey-spring4-2.27.jar:/Users/miguel_laptop/.m2/repository/org/glassfish/jersey/inject/jersey-hk2/2.27/jersey-hk2-2.27.jar:/Users/miguel_laptop/.m2/repository/org/glassfish/hk2/hk2-locator/2.5.0-b42/hk2-locator-2.5.0-b42.jar:/Users/miguel_laptop/.m2/repository/org/glassfish/hk2/external/aopalliance-repackaged/2.5.0-b42/aopalliance-repackaged-2.5.0-b42.jar:/Users/miguel_laptop/.m2/repository/org/javassist/javassist/3.22.0-CR2/javassist-3.22.0-CR2.jar:/Users/miguel_laptop/.m2/repository/org/glassfish/hk2/hk2/2.5.0-b42/hk2-2.5.0-b42.jar:/Users/miguel_laptop/.m2/repository/org/glassfish/hk2/hk2-utils/2.5.0-b42/hk2-utils-2.5.0-b42.jar:/Users/miguel_laptop/.m2/repository/javax/inject/javax.inject/1/javax.inject-1.jar:/Users/miguel_laptop/.m2/repository/org/glassfish/hk2/hk2-api/2.5.0-b42/hk2-api-2.5.0-b42.jar:/Users/miguel_laptop/.m2/repository/org/glassfish/hk2/config-types/2.5.0-b42/config-types-2.5.0-b42.jar:/Users/miguel_laptop/.m2/repository/org/glassfish/hk2/hk2-core/2.5.0-b42/hk2-core-2.5.0-b42.jar:/Users/miguel_laptop/.m2/repository/org/glassfish/hk2/hk2-config/2.5.0-b42/hk2-config-2.5.0-b42.jar:/Users/miguel_laptop/.m2/repository/org/glassfish/hk2/hk2-runlevel/2.5.0-b42/hk2-runlevel-2.5.0-b42.jar:/Users/miguel_laptop/.m2/repository/org/glassfish/hk2/class-model/2.5.0-b42/class-model-2.5.0-b42.jar:/Users/miguel_laptop/.m2/repository/org/glassfish/hk2/external/asm-all-repackaged/2.5.0-b42/asm-all-repackaged-2.5.0-b42.jar:/Users/miguel_laptop/.m2/repository/org/glassfish/hk2/spring-bridge/2.5.0-b42/spring-bridge-2.5.0-b42.jar:/Users/miguel_laptop/.m2/repository/org/springframework/spring-aop/5.1.5.RELEASE/spring-aop-5.1.5.RELEASE.jar:/Users/miguel_laptop/.m2/repository/org/glassfish/jersey/media/jersey-media-json-jackson/2.27/jersey-media-json-jackson-2.27.jar:/Users/miguel_laptop/.m2/repository/org/glassfish/jersey/ext/jersey-entity-filtering/2.27/jersey-entity-filtering-2.27.jar:/Users/miguel_laptop/.m2/repository/com/fasterxml/jackson/core/jackson-annotations/2.9.0/jackson-annotations-2.9.0.jar:/Users/miguel_laptop/.m2/repository/com/fasterxml/jackson/module/jackson-module-jaxb-annotations/2.9.8/jackson-module-jaxb-annotations-2.9.8.jar:/Users/miguel_laptop/.m2/repository/org/springframework/boot/spring-boot-starter-test/2.1.3.RELEASE/spring-boot-starter-test-2.1.3.RELEASE.jar:/Users/miguel_laptop/.m2/repository/org/springframework/boot/spring-boot-starter/2.1.3.RELEASE/spring-boot-starter-2.1.3.RELEASE.jar:/Users/miguel_laptop/.m2/repository/org/springframework/boot/spring-boot-starter-logging/2.1.3.RELEASE/spring-boot-starter-logging-2.1.3.RELEASE.jar:/Users/miguel_laptop/.m2/repository/ch/qos/logback/logback-classic/1.2.3/logback-classic-1.2.3.jar:/Users/miguel_laptop/.m2/repository/ch/qos/logback/logback-core/1.2.3/logback-core-1.2.3.jar:/Users/miguel_laptop/.m2/repository/org/apache/logging/log4j/log4j-to-slf4j/2.11.2/log4j-to-slf4j-2.11.2.jar:/Users/miguel_laptop/.m2/repository/org/apache/logging/log4j/log4j-api/2.11.2/log4j-api-2.11.2.jar:/Users/miguel_laptop/.m2/repository/org/slf4j/jul-to-slf4j/1.7.25/jul-to-slf4j-1.7.25.jar:/Users/miguel_laptop/.m2/repository/org/yaml/snakeyaml/1.23/snakeyaml-1.23.jar:/Users/miguel_laptop/.m2/repository/org/springframework/boot/spring-boot-test/2.1.3.RELEASE/spring-boot-test-2.1.3.RELEASE.jar:/Users/miguel_laptop/.m2/repository/org/springframework/boot/spring-boot-test-autoconfigure/2.1.3.RELEASE/spring-boot-test-autoconfigure-2.1.3.RELEASE.jar:/Users/miguel_laptop/.m2/repository/com/jayway/jsonpath/json-path/2.4.0/json-path-2.4.0.jar:/Users/miguel_laptop/.m2/repository/net/minidev/json-smart/2.3/json-smart-2.3.jar:/Users/miguel_laptop/.m2/repository/net/minidev/accessors-smart/1.2/accessors-smart-1.2.jar:/Users/miguel_laptop/.m2/repository/org/ow2/asm/asm/5.0.4/asm-5.0.4.jar:/Users/miguel_laptop/.m2/repository/org/slf4j/slf4j-api/1.7.25/slf4j-api-1.7.25.jar:/Users/miguel_laptop/.m2/repository/org/assertj/assertj-core/3.11.1/assertj-core-3.11.1.jar:/Users/miguel_laptop/.m2/repository/org/mockito/mockito-core/2.23.4/mockito-core-2.23.4.jar:/Users/miguel_laptop/.m2/repository/net/bytebuddy/byte-buddy/1.9.10/byte-buddy-1.9.10.jar:/Users/miguel_laptop/.m2/repository/net/bytebuddy/byte-buddy-agent/1.9.10/byte-buddy-agent-1.9.10.jar:/Users/miguel_laptop/.m2/repository/org/objenesis/objenesis/2.6/objenesis-2.6.jar:/Users/miguel_laptop/.m2/repository/org/hamcrest/hamcrest-core/1.3/hamcrest-core-1.3.jar:/Users/miguel_laptop/.m2/repository/org/hamcrest/hamcrest-library/1.3/hamcrest-library-1.3.jar:/Users/miguel_laptop/.m2/repository/org/skyscreamer/jsonassert/1.5.0/jsonassert-1.5.0.jar:/Users/miguel_laptop/.m2/repository/com/vaadin/external/google/android-json/0.0.20131108.vaadin1/android-json-0.0.20131108.vaadin1.jar:/Users/miguel_laptop/.m2/repository/org/springframework/spring-core/5.1.5.RELEASE/spring-core-5.1.5.RELEASE.jar:/Users/miguel_laptop/.m2/repository/org/springframework/spring-jcl/5.1.5.RELEASE/spring-jcl-5.1.5.RELEASE.jar:/Users/miguel_laptop/.m2/repository/org/springframework/spring-test/5.1.5.RELEASE/spring-test-5.1.5.RELEASE.jar:/Users/miguel_laptop/.m2/repository/org/xmlunit/xmlunit-core/2.6.2/xmlunit-core-2.6.2.jar:/Users/miguel_laptop/.m2/repository/org/springframework/boot/spring-boot-autoconfigure/2.1.3.RELEASE/spring-boot-autoconfigure-2.1.3.RELEASE.jar:/Users/miguel_laptop/.m2/repository/org/springframework/boot/spring-boot/2.1.3.RELEASE/spring-boot-2.1.3.RELEASE.jar:/Users/miguel_laptop/.m2/repository/org/springframework/spring-context/5.1.5.RELEASE/spring-context-5.1.5.RELEASE.jar:/Users/miguel_laptop/.m2/repository/org/springframework/spring-expression/5.1.5.RELEASE/spring-expression-5.1.5.RELEASE.jar:/Users/miguel_laptop/.m2/repository/org/springframework/boot/spring-boot-starter-undertow/2.1.3.RELEASE/spring-boot-starter-undertow-2.1.3.RELEASE.jar:/Users/miguel_laptop/.m2/repository/io/undertow/undertow-core/2.0.17.Final/undertow-core-2.0.17.Final.jar:/Users/miguel_laptop/.m2/repository/org/jboss/logging/jboss-logging/3.3.2.Final/jboss-logging-3.3.2.Final.jar:/Users/miguel_laptop/.m2/repository/org/jboss/xnio/xnio-api/3.3.8.Final/xnio-api-3.3.8.Final.jar:/Users/miguel_laptop/.m2/repository/org/jboss/xnio/xnio-nio/3.3.8.Final/xnio-nio-3.3.8.Final.jar:/Users/miguel_laptop/.m2/repository/io/undertow/undertow-servlet/2.0.17.Final/undertow-servlet-2.0.17.Final.jar:/Users/miguel_laptop/.m2/repository/org/jboss/spec/javax/annotation/jboss-annotations-api_1.2_spec/1.0.2.Final/jboss-annotations-api_1.2_spec-1.0.2.Final.jar:/Users/miguel_laptop/.m2/repository/io/undertow/undertow-websockets-jsr/2.0.17.Final/undertow-websockets-jsr-2.0.17.Final.jar:/Users/miguel_laptop/.m2/repository/org/jboss/spec/javax/websocket/jboss-websocket-api_1.1_spec/1.1.3.Final/jboss-websocket-api_1.1_spec-1.1.3.Final.jar:/Users/miguel_laptop/.m2/repository/javax/servlet/javax.servlet-api/4.0.1/javax.servlet-api-4.0.1.jar:/Users/miguel_laptop/.m2/repository/org/glassfish/javax.el/3.0.0/javax.el-3.0.0.jar:/Users/miguel_laptop/.m2/repository/com/google/guava/guava/27.0.1-jre/guava-27.0.1-jre.jar:/Users/miguel_laptop/.m2/repository/com/google/guava/failureaccess/1.0.1/failureaccess-1.0.1.jar:/Users/miguel_laptop/.m2/repository/com/google/guava/listenablefuture/9999.0-empty-to-avoid-conflict-with-guava/listenablefuture-9999.0-empty-to-avoid-conflict-with-guava.jar:/Users/miguel_laptop/.m2/repository/com/google/code/findbugs/jsr305/3.0.2/jsr305-3.0.2.jar:/Users/miguel_laptop/.m2/repository/org/checkerframework/checker-qual/2.5.2/checker-qual-2.5.2.jar:/Users/miguel_laptop/.m2/repository/com/google/errorprone/error_prone_annotations/2.2.0/error_prone_annotations-2.2.0.jar:/Users/miguel_laptop/.m2/repository/com/google/j2objc/j2objc-annotations/1.1/j2objc-annotations-1.1.jar:/Users/miguel_laptop/.m2/repository/org/codehaus/mojo/animal-sniffer-annotations/1.17/animal-sniffer-annotations-1.17.jar:/Users/miguel_laptop/.m2/repository/mysql/mysql-connector-java/8.0.15/mysql-connector-java-8.0.15.jar:/Users/miguel_laptop/.m2/repository/org/apache/commons/commons-lang3/3.8.1/commons-lang3-3.8.1.jar:/Users/miguel_laptop/.m2/repository/com/amazonaws/aws-java-sdk-sqs/1.11.528/aws-java-sdk-sqs-1.11.528.jar:/Users/miguel_laptop/.m2/repository/com/amazonaws/aws-java-sdk-core/1.11.528/aws-java-sdk-core-1.11.528.jar:/Users/miguel_laptop/.m2/repository/commons-logging/commons-logging/1.1.3/commons-logging-1.1.3.jar:/Users/miguel_laptop/.m2/repository/org/apache/httpcomponents/httpclient/4.5.7/httpclient-4.5.7.jar:/Users/miguel_laptop/.m2/repository/org/apache/httpcomponents/httpcore/4.4.11/httpcore-4.4.11.jar:/Users/miguel_laptop/.m2/repository/commons-codec/commons-codec/1.11/commons-codec-1.11.jar:/Users/miguel_laptop/.m2/repository/software/amazon/ion/ion-java/1.0.2/ion-java-1.0.2.jar:/Users/miguel_laptop/.m2/repository/com/fasterxml/jackson/dataformat/jackson-dataformat-cbor/2.9.8/jackson-dataformat-cbor-2.9.8.jar:/Users/miguel_laptop/.m2/repository/joda-time/joda-time/2.10.1/joda-time-2.10.1.jar:/Users/miguel_laptop/.m2/repository/com/amazonaws/jmespath-java/1.11.528/jmespath-java-1.11.528.jar:/Users/miguel_laptop/.m2/repository/org/mongodb/mongo-java-driver/3.10.1/mongo-java-driver-3.10.1.jar:/Users/miguel_laptop/.m2/repository/junit/junit/4.12/junit-4.12.jar:/Users/miguel_laptop/.m2/repository/org/mockito/mockito-all/1.10.19/mockito-all-1.10.19.jar:/Users/miguel_laptop/.m2/repository/org/springframework/boot/spring-boot-starter-data-ldap/2.1.3.RELEASE/spring-boot-starter-data-ldap-2.1.3.RELEASE.jar:/Users/miguel_laptop/.m2/repository/org/springframework/data/spring-data-ldap/2.1.5.RELEASE/spring-data-ldap-2.1.5.RELEASE.jar:/Users/miguel_laptop/.m2/repository/org/springframework/ldap/spring-ldap-core/2.3.2.RELEASE/spring-ldap-core-2.3.2.RELEASE.jar:/Users/miguel_laptop/.m2/repository/org/springframework/spring-tx/5.1.5.RELEASE/spring-tx-5.1.5.RELEASE.jar:/Users/miguel_laptop/.m2/repository/org/springframework/data/spring-data-commons/2.1.5.RELEASE/spring-data-commons-2.1.5.RELEASE.jar:/Users/miguel_laptop/.m2/repository/com/unboundid/unboundid-ldapsdk/4.0.9/unboundid-ldapsdk-4.0.9.jar:/Users/miguel_laptop/.m2/repository/de/flapdoodle/embed/de.flapdoodle.embed.mongo/2.1.2/de.flapdoodle.embed.mongo-2.1.2.jar:/Users/miguel_laptop/.m2/repository/de/flapdoodle/embed/de.flapdoodle.embed.process/2.1.2/de.flapdoodle.embed.process-2.1.2.jar:/Users/miguel_laptop/.m2/repository/net/java/dev/jna/jna/4.5.2/jna-4.5.2.jar:/Users/miguel_laptop/.m2/repository/net/java/dev/jna/jna-platform/4.5.2/jna-platform-4.5.2.jar:/Users/miguel_laptop/.m2/repository/org/apache/commons/commons-compress/1.18/commons-compress-1.18.jar:"/>
    <property name="java.vm.vendor" value="Oracle Corporation"/>
    <property name="sun.arch.data.model" value="64"/>
    <property name="java.vendor.url" value="http://java.oracle.com/"/>
    <property name="user.timezone" value=""/>
    <property name="java.vm.specification.version" value="1.8"/>
    <property name="os.name" value="Mac OS X"/>
    <property name="user.country" value="US"/>
    <property name="sun.java.launcher" value="SUN_STANDARD"/>
    <property name="sun.boot.library.path" value="/Library/Java/JavaVirtualMachines/jdk1.8.0_201.jdk/Contents/Home/jre/lib"/>
    <property name="sun.java.command" value="/Users/miguel_laptop/Documents/java-test/target/surefire/surefirebooter9088133521801828692.jar /Users/miguel_laptop/Documents/java-test/target/surefire 2019-04-22T12-29-46_221-jvmRun1 surefire3230479151573542434tmp surefire_06005798493070752453tmp"/>
    <property name="http.nonProxyHosts" value="local|*.local|169.254/16|*.169.254/16"/>
    <property name="surefire.test.class.path" value="/Users/miguel_laptop/Documents/java-test/target/test-classes:/Users/miguel_laptop/Documents/java-test/target/classes:/Users/miguel_laptop/.m2/repository/org/springframework/boot/spring-boot-starter-jersey/2.1.3.RELEASE/spring-boot-starter-jersey-2.1.3.RELEASE.jar:/Users/miguel_laptop/.m2/repository/org/springframework/boot/spring-boot-starter-json/2.1.3.RELEASE/spring-boot-starter-json-2.1.3.RELEASE.jar:/Users/miguel_laptop/.m2/repository/com/fasterxml/jackson/core/jackson-databind/2.9.8/jackson-databind-2.9.8.jar:/Users/miguel_laptop/.m2/repository/com/fasterxml/jackson/core/jackson-core/2.9.8/jackson-core-2.9.8.jar:/Users/miguel_laptop/.m2/repository/com/fasterxml/jackson/datatype/jackson-datatype-jdk8/2.9.8/jackson-datatype-jdk8-2.9.8.jar:/Users/miguel_laptop/.m2/repository/com/fasterxml/jackson/datatype/jackson-datatype-jsr310/2.9.8/jackson-datatype-jsr310-2.9.8.jar:/Users/miguel_laptop/.m2/repository/com/fasterxml/jackson/module/jackson-module-parameter-names/2.9.8/jackson-module-parameter-names-2.9.8.jar:/Users/miguel_laptop/.m2/repository/org/springframework/boot/spring-boot-starter-tomcat/2.1.3.RELEASE/spring-boot-starter-tomcat-2.1.3.RELEASE.jar:/Users/miguel_laptop/.m2/repository/javax/annotation/javax.annotation-api/1.3.2/javax.annotation-api-1.3.2.jar:/Users/miguel_laptop/.m2/repository/org/apache/tomcat/embed/tomcat-embed-core/9.0.16/tomcat-embed-core-9.0.16.jar:/Users/miguel_laptop/.m2/repository/org/apache/tomcat/embed/tomcat-embed-el/9.0.16/tomcat-embed-el-9.0.16.jar:/Users/miguel_laptop/.m2/repository/org/apache/tomcat/embed/tomcat-embed-websocket/9.0.16/tomcat-embed-websocket-9.0.16.jar:/Users/miguel_laptop/.m2/repository/org/springframework/boot/spring-boot-starter-validation/2.1.3.RELEASE/spring-boot-starter-validation-2.1.3.RELEASE.jar:/Users/miguel_laptop/.m2/repository/org/hibernate/validator/hibernate-validator/6.0.14.Final/hibernate-validator-6.0.14.Final.jar:/Users/miguel_laptop/.m2/repository/com/fasterxml/classmate/1.4.0/classmate-1.4.0.jar:/Users/miguel_laptop/.m2/repository/org/springframework/spring-web/5.1.5.RELEASE/spring-web-5.1.5.RELEASE.jar:/Users/miguel_laptop/.m2/repository/org/springframework/spring-beans/5.1.5.RELEASE/spring-beans-5.1.5.RELEASE.jar:/Users/miguel_laptop/.m2/repository/org/glassfish/jersey/core/jersey-server/2.27/jersey-server-2.27.jar:/Users/miguel_laptop/.m2/repository/org/glassfish/jersey/core/jersey-common/2.27/jersey-common-2.27.jar:/Users/miguel_laptop/.m2/repository/org/glassfish/hk2/osgi-resource-locator/1.0.1/osgi-resource-locator-1.0.1.jar:/Users/miguel_laptop/.m2/repository/org/glassfish/jersey/core/jersey-client/2.27/jersey-client-2.27.jar:/Users/miguel_laptop/.m2/repository/javax/ws/rs/javax.ws.rs-api/2.1/javax.ws.rs-api-2.1.jar:/Users/miguel_laptop/.m2/repository/org/glassfish/jersey/media/jersey-media-jaxb/2.27/jersey-media-jaxb-2.27.jar:/Users/miguel_laptop/.m2/repository/javax/validation/validation-api/2.0.1.Final/validation-api-2.0.1.Final.jar:/Users/miguel_laptop/.m2/repository/org/glassfish/jersey/containers/jersey-container-servlet-core/2.27/jersey-container-servlet-core-2.27.jar:/Users/miguel_laptop/.m2/repository/org/glassfish/jersey/containers/jersey-container-servlet/2.27/jersey-container-servlet-2.27.jar:/Users/miguel_laptop/.m2/repository/org/glassfish/jersey/ext/jersey-bean-validation/2.27/jersey-bean-validation-2.27.jar:/Users/miguel_laptop/.m2/repository/org/glassfish/jersey/ext/jersey-spring4/2.27/jersey-spring4-2.27.jar:/Users/miguel_laptop/.m2/repository/org/glassfish/jersey/inject/jersey-hk2/2.27/jersey-hk2-2.27.jar:/Users/miguel_laptop/.m2/repository/org/glassfish/hk2/hk2-locator/2.5.0-b42/hk2-locator-2.5.0-b42.jar:/Users/miguel_laptop/.m2/repository/org/glassfish/hk2/external/aopalliance-repackaged/2.5.0-b42/aopalliance-repackaged-2.5.0-b42.jar:/Users/miguel_laptop/.m2/repository/org/javassist/javassist/3.22.0-CR2/javassist-3.22.0-CR2.jar:/Users/miguel_laptop/.m2/repository/org/glassfish/hk2/hk2/2.5.0-b42/hk2-2.5.0-b42.jar:/Users/miguel_laptop/.m2/repository/org/glassfish/hk2/hk2-utils/2.5.0-b42/hk2-utils-2.5.0-b42.jar:/Users/miguel_laptop/.m2/repository/javax/inject/javax.inject/1/javax.inject-1.jar:/Users/miguel_laptop/.m2/repository/org/glassfish/hk2/hk2-api/2.5.0-b42/hk2-api-2.5.0-b42.jar:/Users/miguel_laptop/.m2/repository/org/glassfish/hk2/config-types/2.5.0-b42/config-types-2.5.0-b42.jar:/Users/miguel_laptop/.m2/repository/org/glassfish/hk2/hk2-core/2.5.0-b42/hk2-core-2.5.0-b42.jar:/Users/miguel_laptop/.m2/repository/org/glassfish/hk2/hk2-config/2.5.0-b42/hk2-config-2.5.0-b42.jar:/Users/miguel_laptop/.m2/repository/org/glassfish/hk2/hk2-runlevel/2.5.0-b42/hk2-runlevel-2.5.0-b42.jar:/Users/miguel_laptop/.m2/repository/org/glassfish/hk2/class-model/2.5.0-b42/class-model-2.5.0-b42.jar:/Users/miguel_laptop/.m2/repository/org/glassfish/hk2/external/asm-all-repackaged/2.5.0-b42/asm-all-repackaged-2.5.0-b42.jar:/Users/miguel_laptop/.m2/repository/org/glassfish/hk2/spring-bridge/2.5.0-b42/spring-bridge-2.5.0-b42.jar:/Users/miguel_laptop/.m2/repository/org/springframework/spring-aop/5.1.5.RELEASE/spring-aop-5.1.5.RELEASE.jar:/Users/miguel_laptop/.m2/repository/org/glassfish/jersey/media/jersey-media-json-jackson/2.27/jersey-media-json-jackson-2.27.jar:/Users/miguel_laptop/.m2/repository/org/glassfish/jersey/ext/jersey-entity-filtering/2.27/jersey-entity-filtering-2.27.jar:/Users/miguel_laptop/.m2/repository/com/fasterxml/jackson/core/jackson-annotations/2.9.0/jackson-annotations-2.9.0.jar:/Users/miguel_laptop/.m2/repository/com/fasterxml/jackson/module/jackson-module-jaxb-annotations/2.9.8/jackson-module-jaxb-annotations-2.9.8.jar:/Users/miguel_laptop/.m2/repository/org/springframework/boot/spring-boot-starter-test/2.1.3.RELEASE/spring-boot-starter-test-2.1.3.RELEASE.jar:/Users/miguel_laptop/.m2/repository/org/springframework/boot/spring-boot-starter/2.1.3.RELEASE/spring-boot-starter-2.1.3.RELEASE.jar:/Users/miguel_laptop/.m2/repository/org/springframework/boot/spring-boot-starter-logging/2.1.3.RELEASE/spring-boot-starter-logging-2.1.3.RELEASE.jar:/Users/miguel_laptop/.m2/repository/ch/qos/logback/logback-classic/1.2.3/logback-classic-1.2.3.jar:/Users/miguel_laptop/.m2/repository/ch/qos/logback/logback-core/1.2.3/logback-core-1.2.3.jar:/Users/miguel_laptop/.m2/repository/org/apache/logging/log4j/log4j-to-slf4j/2.11.2/log4j-to-slf4j-2.11.2.jar:/Users/miguel_laptop/.m2/repository/org/apache/logging/log4j/log4j-api/2.11.2/log4j-api-2.11.2.jar:/Users/miguel_laptop/.m2/repository/org/slf4j/jul-to-slf4j/1.7.25/jul-to-slf4j-1.7.25.jar:/Users/miguel_laptop/.m2/repository/org/yaml/snakeyaml/1.23/snakeyaml-1.23.jar:/Users/miguel_laptop/.m2/repository/org/springframework/boot/spring-boot-test/2.1.3.RELEASE/spring-boot-test-2.1.3.RELEASE.jar:/Users/miguel_laptop/.m2/repository/org/springframework/boot/spring-boot-test-autoconfigure/2.1.3.RELEASE/spring-boot-test-autoconfigure-2.1.3.RELEASE.jar:/Users/miguel_laptop/.m2/repository/com/jayway/jsonpath/json-path/2.4.0/json-path-2.4.0.jar:/Users/miguel_laptop/.m2/repository/net/minidev/json-smart/2.3/json-smart-2.3.jar:/Users/miguel_laptop/.m2/repository/net/minidev/accessors-smart/1.2/accessors-smart-1.2.jar:/Users/miguel_laptop/.m2/repository/org/ow2/asm/asm/5.0.4/asm-5.0.4.jar:/Users/miguel_laptop/.m2/repository/org/slf4j/slf4j-api/1.7.25/slf4j-api-1.7.25.jar:/Users/miguel_laptop/.m2/repository/org/assertj/assertj-core/3.11.1/assertj-core-3.11.1.jar:/Users/miguel_laptop/.m2/repository/org/mockito/mockito-core/2.23.4/mockito-core-2.23.4.jar:/Users/miguel_laptop/.m2/repository/net/bytebuddy/byte-buddy/1.9.10/byte-buddy-1.9.10.jar:/Users/miguel_laptop/.m2/repository/net/bytebuddy/byte-buddy-agent/1.9.10/byte-buddy-agent-1.9.10.jar:/Users/miguel_laptop/.m2/repository/org/objenesis/objenesis/2.6/objenesis-2.6.jar:/Users/miguel_laptop/.m2/repository/org/hamcrest/hamcrest-core/1.3/hamcrest-core-1.3.jar:/Users/miguel_laptop/.m2/repository/org/hamcrest/hamcrest-library/1.3/hamcrest-library-1.3.jar:/Users/miguel_laptop/.m2/repository/org/skyscreamer/jsonassert/1.5.0/jsonassert-1.5.0.jar:/Users/miguel_laptop/.m2/repository/com/vaadin/external/google/android-json/0.0.20131108.vaadin1/android-json-0.0.20131108.vaadin1.jar:/Users/miguel_laptop/.m2/repository/org/springframework/spring-core/5.1.5.RELEASE/spring-core-5.1.5.RELEASE.jar:/Users/miguel_laptop/.m2/repository/org/springframework/spring-jcl/5.1.5.RELEASE/spring-jcl-5.1.5.RELEASE.jar:/Users/miguel_laptop/.m2/repository/org/springframework/spring-test/5.1.5.RELEASE/spring-test-5.1.5.RELEASE.jar:/Users/miguel_laptop/.m2/repository/org/xmlunit/xmlunit-core/2.6.2/xmlunit-core-2.6.2.jar:/Users/miguel_laptop/.m2/repository/org/springframework/boot/spring-boot-autoconfigure/2.1.3.RELEASE/spring-boot-autoconfigure-2.1.3.RELEASE.jar:/Users/miguel_laptop/.m2/repository/org/springframework/boot/spring-boot/2.1.3.RELEASE/spring-boot-2.1.3.RELEASE.jar:/Users/miguel_laptop/.m2/repository/org/springframework/spring-context/5.1.5.RELEASE/spring-context-5.1.5.RELEASE.jar:/Users/miguel_laptop/.m2/repository/org/springframework/spring-expression/5.1.5.RELEASE/spring-expression-5.1.5.RELEASE.jar:/Users/miguel_laptop/.m2/repository/org/springframework/boot/spring-boot-starter-undertow/2.1.3.RELEASE/spring-boot-starter-undertow-2.1.3.RELEASE.jar:/Users/miguel_laptop/.m2/repository/io/undertow/undertow-core/2.0.17.Final/undertow-core-2.0.17.Final.jar:/Users/miguel_laptop/.m2/repository/org/jboss/logging/jboss-logging/3.3.2.Final/jboss-logging-3.3.2.Final.jar:/Users/miguel_laptop/.m2/repository/org/jboss/xnio/xnio-api/3.3.8.Final/xnio-api-3.3.8.Final.jar:/Users/miguel_laptop/.m2/repository/org/jboss/xnio/xnio-nio/3.3.8.Final/xnio-nio-3.3.8.Final.jar:/Users/miguel_laptop/.m2/repository/io/undertow/undertow-servlet/2.0.17.Final/undertow-servlet-2.0.17.Final.jar:/Users/miguel_laptop/.m2/repository/org/jboss/spec/javax/annotation/jboss-annotations-api_1.2_spec/1.0.2.Final/jboss-annotations-api_1.2_spec-1.0.2.Final.jar:/Users/miguel_laptop/.m2/repository/io/undertow/undertow-websockets-jsr/2.0.17.Final/undertow-websockets-jsr-2.0.17.Final.jar:/Users/miguel_laptop/.m2/repository/org/jboss/spec/javax/websocket/jboss-websocket-api_1.1_spec/1.1.3.Final/jboss-websocket-api_1.1_spec-1.1.3.Final.jar:/Users/miguel_laptop/.m2/repository/javax/servlet/javax.servlet-api/4.0.1/javax.servlet-api-4.0.1.jar:/Users/miguel_laptop/.m2/repository/org/glassfish/javax.el/3.0.0/javax.el-3.0.0.jar:/Users/miguel_laptop/.m2/repository/com/google/guava/guava/27.0.1-jre/guava-27.0.1-jre.jar:/Users/miguel_laptop/.m2/repository/com/google/guava/failureaccess/1.0.1/failureaccess-1.0.1.jar:/Users/miguel_laptop/.m2/repository/com/google/guava/listenablefuture/9999.0-empty-to-avoid-conflict-with-guava/listenablefuture-9999.0-empty-to-avoid-conflict-with-guava.jar:/Users/miguel_laptop/.m2/repository/com/google/code/findbugs/jsr305/3.0.2/jsr305-3.0.2.jar:/Users/miguel_laptop/.m2/repository/org/checkerframework/checker-qual/2.5.2/checker-qual-2.5.2.jar:/Users/miguel_laptop/.m2/repository/com/google/errorprone/error_prone_annotations/2.2.0/error_prone_annotations-2.2.0.jar:/Users/miguel_laptop/.m2/repository/com/google/j2objc/j2objc-annotations/1.1/j2objc-annotations-1.1.jar:/Users/miguel_laptop/.m2/repository/org/codehaus/mojo/animal-sniffer-annotations/1.17/animal-sniffer-annotations-1.17.jar:/Users/miguel_laptop/.m2/repository/mysql/mysql-connector-java/8.0.15/mysql-connector-java-8.0.15.jar:/Users/miguel_laptop/.m2/repository/org/apache/commons/commons-lang3/3.8.1/commons-lang3-3.8.1.jar:/Users/miguel_laptop/.m2/repository/com/amazonaws/aws-java-sdk-sqs/1.11.528/aws-java-sdk-sqs-1.11.528.jar:/Users/miguel_laptop/.m2/repository/com/amazonaws/aws-java-sdk-core/1.11.528/aws-java-sdk-core-1.11.528.jar:/Users/miguel_laptop/.m2/repository/commons-logging/commons-logging/1.1.3/commons-logging-1.1.3.jar:/Users/miguel_laptop/.m2/repository/org/apache/httpcomponents/httpclient/4.5.7/httpclient-4.5.7.jar:/Users/miguel_laptop/.m2/repository/org/apache/httpcomponents/httpcore/4.4.11/httpcore-4.4.11.jar:/Users/miguel_laptop/.m2/repository/commons-codec/commons-codec/1.11/commons-codec-1.11.jar:/Users/miguel_laptop/.m2/repository/software/amazon/ion/ion-java/1.0.2/ion-java-1.0.2.jar:/Users/miguel_laptop/.m2/repository/com/fasterxml/jackson/dataformat/jackson-dataformat-cbor/2.9.8/jackson-dataformat-cbor-2.9.8.jar:/Users/miguel_laptop/.m2/repository/joda-time/joda-time/2.10.1/joda-time-2.10.1.jar:/Users/miguel_laptop/.m2/repository/com/amazonaws/jmespath-java/1.11.528/jmespath-java-1.11.528.jar:/Users/miguel_laptop/.m2/repository/org/mongodb/mongo-java-driver/3.10.1/mongo-java-driver-3.10.1.jar:/Users/miguel_laptop/.m2/repository/junit/junit/4.12/junit-4.12.jar:/Users/miguel_laptop/.m2/repository/org/mockito/mockito-all/1.10.19/mockito-all-1.10.19.jar:/Users/miguel_laptop/.m2/repository/org/springframework/boot/spring-boot-starter-data-ldap/2.1.3.RELEASE/spring-boot-starter-data-ldap-2.1.3.RELEASE.jar:/Users/miguel_laptop/.m2/repository/org/springframework/data/spring-data-ldap/2.1.5.RELEASE/spring-data-ldap-2.1.5.RELEASE.jar:/Users/miguel_laptop/.m2/repository/org/springframework/ldap/spring-ldap-core/2.3.2.RELEASE/spring-ldap-core-2.3.2.RELEASE.jar:/Users/miguel_laptop/.m2/repository/org/springframework/spring-tx/5.1.5.RELEASE/spring-tx-5.1.5.RELEASE.jar:/Users/miguel_laptop/.m2/repository/org/springframework/data/spring-data-commons/2.1.5.RELEASE/spring-data-commons-2.1.5.RELEASE.jar:/Users/miguel_laptop/.m2/repository/com/unboundid/unboundid-ldapsdk/4.0.9/unboundid-ldapsdk-4.0.9.jar:/Users/miguel_laptop/.m2/repository/de/flapdoodle/embed/de.flapdoodle.embed.mongo/2.1.2/de.flapdoodle.embed.mongo-2.1.2.jar:/Users/miguel_laptop/.m2/repository/de/flapdoodle/embed/de.flapdoodle.embed.process/2.1.2/de.flapdoodle.embed.process-2.1.2.jar:/Users/miguel_laptop/.m2/repository/net/java/dev/jna/jna/4.5.2/jna-4.5.2.jar:/Users/miguel_laptop/.m2/repository/net/java/dev/jna/jna-platform/4.5.2/jna-platform-4.5.2.jar:/Users/miguel_laptop/.m2/repository/org/apache/commons/commons-compress/1.18/commons-compress-1.18.jar:"/>
    <property name="sun.cpu.endian" value="little"/>
    <property name="user.home" value="/Users/miguel_laptop"/>
    <property name="user.language" value="en"/>
    <property name="java.specification.vendor" value="Oracle Corporation"/>
    <property name="java.home" value="/Library/Java/JavaVirtualMachines/jdk1.8.0_201.jdk/Contents/Home/jre"/>
    <property name="basedir" value="/Users/miguel_laptop/Documents/java-test"/>
    <property name="file.separator" value="/"/>
    <property name="line.separator" value="&#10;"/>
    <property name="java.vm.specification.vendor" value="Oracle Corporation"/>
    <property name="java.specification.name" value="Java Platform API Specification"/>
    <property name="java.awt.graphicsenv" value="sun.awt.CGraphicsEnvironment"/>
    <property name="surefire.real.class.path" value="/Users/miguel_laptop/Documents/java-test/target/surefire/surefirebooter9088133521801828692.jar"/>
    <property name="sun.boot.class.path" value="/Library/Java/JavaVirtualMachines/jdk1.8.0_201.jdk/Contents/Home/jre/lib/resources.jar:/Library/Java/JavaVirtualMachines/jdk1.8.0_201.jdk/Contents/Home/jre/lib/rt.jar:/Library/Java/JavaVirtualMachines/jdk1.8.0_201.jdk/Contents/Home/jre/lib/sunrsasign.jar:/Library/Java/JavaVirtualMachines/jdk1.8.0_201.jdk/Contents/Home/jre/lib/jsse.jar:/Library/Java/JavaVirtualMachines/jdk1.8.0_201.jdk/Contents/Home/jre/lib/jce.jar:/Library/Java/JavaVirtualMachines/jdk1.8.0_201.jdk/Contents/Home/jre/lib/charsets.jar:/Library/Java/JavaVirtualMachines/jdk1.8.0_201.jdk/Contents/Home/jre/lib/jfr.jar:/Library/Java/JavaVirtualMachines/jdk1.8.0_201.jdk/Contents/Home/jre/classes"/>
    <property name="sun.management.compiler" value="HotSpot 64-Bit Tiered Compilers"/>
    <property name="ftp.nonProxyHosts" value="local|*.local|169.254/16|*.169.254/16"/>
    <property name="java.runtime.version" value="1.8.0_201-b09"/>
    <property name="user.name" value="miguel_laptop"/>
    <property name="path.separator" value=":"/>
    <property name="os.version" value="10.14.4"/>
    <property name="java.endorsed.dirs" value="/Library/Java/JavaVirtualMachines/jdk1.8.0_201.jdk/Contents/Home/jre/lib/endorsed"/>
    <property name="java.runtime.name" value="Java(TM) SE Runtime Environment"/>
    <property name="file.encoding" value="UTF-8"/>
    <property name="java.vm.name" value="Java HotSpot(TM) 64-Bit Server VM"/>
    <property name="localRepository" value="/Users/miguel_laptop/.m2/repository"/>
    <property name="java.vendor.url.bug" value="http://bugreport.sun.com/bugreport/"/>
    <property name="java.io.tmpdir" value="/var/folders/0c/z_n833_97hq4nl8m31fmt24w0000gn/T/"/>
    <property name="java.version" value="1.8.0_201"/>
    <property name="user.dir" value="/Users/miguel_laptop/Documents/java-test"/>
    <property name="os.arch" value="x86_64"/>
    <property name="java.vm.specification.name" value="Java Virtual Machine Specification"/>
    <property name="java.awt.printerjob" value="sun.lwawt.macosx.CPrinterJob"/>
    <property name="sun.os.patch.level" value="unknown"/>
    <property name="java.library.path" value="/Users/miguel_laptop/Library/Java/Extensions:/Library/Java/Extensions:/Network/Library/Java/Extensions:/System/Library/Java/Extensions:/usr/lib/java:."/>
    <property name="java.vm.info" value="mixed mode"/>
    <property name="java.vendor" value="Oracle Corporation"/>
    <property name="java.vm.version" value="25.201-b09"/>
    <property name="java.ext.dirs" value="/Users/miguel_laptop/Library/Java/Extensions:/Library/Java/JavaVirtualMachines/jdk1.8.0_201.jdk/Contents/Home/jre/lib/ext:/Library/Java/Extensions:/Network/Library/Java/Extensions:/System/Library/Java/Extensions:/usr/lib/java"/>
    <property name="sun.io.unicode.encoding" value="UnicodeBig"/>
    <property name="java.class.version" value="52.0"/>
    <property name="socksNonProxyHosts" value="local|*.local|169.254/16|*.169.254/16"/>
  </properties>
  <testcase name="testUnFollowUser" classname="com.messages.unit.MessageServiceTests" time="0.099"/>
  <testcase name="testSendMessage" classname="com.messages.unit.MessageServiceTests" time="0.006"/>
  <testcase name="testBadSendMessage" classname="com.messages.unit.MessageServiceTests" time="0"/>
  <testcase name="testGetMessages" classname="com.messages.unit.MessageServiceTests" time="0.001"/>
  <testcase name="testFollowUser" classname="com.messages.unit.MessageServiceTests" time="0.001"/>
</testsuite>